Arguments: 
  /usr/local/Cellar/node/10.4.1/bin/node /usr/local/Cellar/yarn/1.6.0/libexec/bin/yarn.js add -D transform-es2015-modules-commonjs

PATH: 
  /usr/local/opt/php@7.1/sbin:/usr/local/opt/php@7.1/bin:/usr/local/opt/php@7.1/bin:/usr/local/opt/php@7.1/sbin:/usr/local/opt/ruby@2.3/bin:/Users/Romain/.composer/vendor/bin:/Users/Romain/.config/yarn/global/node_modules/.bin:/usr/local/bin:/usr/local/bin:/usr/bin:/bin:/usr/sbin:/sbin:/Users/Romain/Documents/Development/android-sdk/platform-tools:/Users/Romain/Documents/Development/android-sdk/tools:/usr/local/ec2/ec2-api-tools-1.7.5.1/bin

Yarn version: 
  1.6.0

Node version: 
  10.4.1

Platform: 
  darwin x64

Trace: 
  Error: https://registry.yarnpkg.com/transform-es2015-modules-commonjs: Not found
      at Request.params.callback [as _callback] (/usr/local/Cellar/yarn/1.6.0/libexec/lib/cli.js:65327:18)
      at Request.self.callback (/usr/local/Cellar/yarn/1.6.0/libexec/lib/cli.js:133155:22)
      at Request.emit (events.js:182:13)
      at Request.<anonymous> (/usr/local/Cellar/yarn/1.6.0/libexec/lib/cli.js:134138:10)
      at Request.emit (events.js:182:13)
      at IncomingMessage.<anonymous> (/usr/local/Cellar/yarn/1.6.0/libexec/lib/cli.js:134058:12)
      at Object.onceWrapper (events.js:273:13)
      at IncomingMessage.emit (events.js:187:15)
      at endReadableNT (_stream_readable.js:1081:12)
      at process._tickCallback (internal/process/next_tick.js:63:19)

npm manifest: 
  {
    "dependencies": {
      "crypto-js": "3.1.9-1"
    }
  }

yarn manifest: 
  No manifest

Lockfile: 
  # THIS IS AN AUTOGENERATED FILE. DO NOT EDIT THIS FILE DIRECTLY.
  # yarn lockfile v1
  
  
  crypto-js@3.1.9-1:
    version "3.1.9-1"
    resolved "https://registry.yarnpkg.com/crypto-js/-/crypto-js-3.1.9-1.tgz#fda19e761fc077e01ffbfdc6e9fdfc59e8806cd8"
